\BOOKMARK [0][-]{chapter.1}{\376\377\0001\000\040\000B\000l\000e\000n\000d\000S\000p\000l\000i\000t\000t\000e\000r}{}% 1
\BOOKMARK [0][-]{chapter.2}{\376\377\0002\000\040\000H\000i\000e\000r\000a\000r\000c\000h\000i\000c\000a\000l\000\040\000I\000n\000d\000e\000x}{}% 2
\BOOKMARK [1][-]{section.2.1}{\376\377\0002\000.\0001\000\040\000C\000l\000a\000s\000s\000\040\000H\000i\000e\000r\000a\000r\000c\000h\000y}{chapter.2}% 3
\BOOKMARK [0][-]{chapter.3}{\376\377\0003\000\040\000C\000l\000a\000s\000s\000\040\000I\000n\000d\000e\000x}{}% 4
\BOOKMARK [1][-]{section.3.1}{\376\377\0003\000.\0001\000\040\000C\000l\000a\000s\000s\000\040\000L\000i\000s\000t}{chapter.3}% 5
\BOOKMARK [0][-]{chapter.4}{\376\377\0004\000\040\000C\000l\000a\000s\000s\000\040\000D\000o\000c\000u\000m\000e\000n\000t\000a\000t\000i\000o\000n}{}% 6
\BOOKMARK [1][-]{section.4.1}{\376\377\0004\000.\0001\000\040\000B\000l\000e\000n\000d\000S\000p\000l\000i\000t\000t\000e\000r\000\040\000C\000l\000a\000s\000s\000\040\000R\000e\000f\000e\000r\000e\000n\000c\000e}{chapter.4}% 7
\BOOKMARK [2][-]{subsection.4.1.1}{\376\377\0004\000.\0001\000.\0001\000\040\000D\000e\000t\000a\000i\000l\000e\000d\000\040\000D\000e\000s\000c\000r\000i\000p\000t\000i\000o\000n}{section.4.1}% 8
\BOOKMARK [2][-]{subsection.4.1.2}{\376\377\0004\000.\0001\000.\0002\000\040\000C\000o\000n\000s\000t\000r\000u\000c\000t\000o\000r\000\040\000\046\000\040\000D\000e\000s\000t\000r\000u\000c\000t\000o\000r\000\040\000D\000o\000c\000u\000m\000e\000n\000t\000a\000t\000i\000o\000n}{section.4.1}% 9
\BOOKMARK [3][-]{subsubsection.4.1.2.1}{\376\377\0004\000.\0001\000.\0002\000.\0001\000\040\000B\000l\000e\000n\000d\000S\000p\000l\000i\000t\000t\000e\000r\000\050\000\051}{subsection.4.1.2}% 10
\BOOKMARK [2][-]{subsection.4.1.3}{\376\377\0004\000.\0001\000.\0003\000\040\000M\000e\000m\000b\000e\000r\000\040\000F\000u\000n\000c\000t\000i\000o\000n\000\040\000D\000o\000c\000u\000m\000e\000n\000t\000a\000t\000i\000o\000n}{section.4.1}% 11
\BOOKMARK [3][-]{subsubsection.4.1.3.1}{\376\377\0004\000.\0001\000.\0003\000.\0001\000\040\000a\000d\000d\000S\000p\000l\000i\000t\000t\000e\000r\000\050\000\051}{subsection.4.1.3}% 12
\BOOKMARK [3][-]{subsubsection.4.1.3.2}{\376\377\0004\000.\0001\000.\0003\000.\0002\000\040\000a\000d\000d\000W\000i\000d\000g\000e\000t\000\050\000\051\000\040\000[\0001\000/\0003\000]}{subsection.4.1.3}% 13
\BOOKMARK [3][-]{subsubsection.4.1.3.3}{\376\377\0004\000.\0001\000.\0003\000.\0003\000\040\000a\000d\000d\000W\000i\000d\000g\000e\000t\000\050\000\051\000\040\000[\0002\000/\0003\000]}{subsection.4.1.3}% 14
\BOOKMARK [3][-]{subsubsection.4.1.3.4}{\376\377\0004\000.\0001\000.\0003\000.\0004\000\040\000a\000d\000d\000W\000i\000d\000g\000e\000t\000\050\000\051\000\040\000[\0003\000/\0003\000]}{subsection.4.1.3}% 15
\BOOKMARK [3][-]{subsubsection.4.1.3.5}{\376\377\0004\000.\0001\000.\0003\000.\0005\000\040\000i\000n\000s\000e\000r\000t\000S\000p\000l\000i\000t\000t\000e\000r\000\050\000\051}{subsection.4.1.3}% 16
\BOOKMARK [3][-]{subsubsection.4.1.3.6}{\376\377\0004\000.\0001\000.\0003\000.\0006\000\040\000i\000n\000s\000e\000r\000t\000W\000i\000d\000g\000e\000t\000\050\000\051\000\040\000[\0001\000/\0003\000]}{subsection.4.1.3}% 17
\BOOKMARK [3][-]{subsubsection.4.1.3.7}{\376\377\0004\000.\0001\000.\0003\000.\0007\000\040\000i\000n\000s\000e\000r\000t\000W\000i\000d\000g\000e\000t\000\050\000\051\000\040\000[\0002\000/\0003\000]}{subsection.4.1.3}% 18
\BOOKMARK [3][-]{subsubsection.4.1.3.8}{\376\377\0004\000.\0001\000.\0003\000.\0008\000\040\000i\000n\000s\000e\000r\000t\000W\000i\000d\000g\000e\000t\000\050\000\051\000\040\000[\0003\000/\0003\000]}{subsection.4.1.3}% 19
\BOOKMARK [2][-]{subsection.4.1.4}{\376\377\0004\000.\0001\000.\0004\000\040\000M\000e\000m\000b\000e\000r\000\040\000D\000a\000t\000a\000\040\000D\000o\000c\000u\000m\000e\000n\000t\000a\000t\000i\000o\000n}{section.4.1}% 20
\BOOKMARK [3][-]{subsubsection.4.1.4.1}{\376\377\0004\000.\0001\000.\0004\000.\0001\000\040\000e\000x\000p\000a\000n\000d\000e\000r\000I\000m\000a\000g\000e}{subsection.4.1.4}% 21
\BOOKMARK [3][-]{subsubsection.4.1.4.2}{\376\377\0004\000.\0001\000.\0004\000.\0002\000\040\000e\000x\000p\000a\000n\000d\000e\000r\000S\000i\000z\000e}{subsection.4.1.4}% 22
\BOOKMARK [3][-]{subsubsection.4.1.4.3}{\376\377\0004\000.\0001\000.\0004\000.\0003\000\040\000s\000w\000i\000t\000c\000h\000i\000n\000g\000B\000a\000r\000H\000e\000i\000g\000h\000t}{subsection.4.1.4}% 23
\BOOKMARK [1][-]{section.4.2}{\376\377\0004\000.\0002\000\040\000R\000e\000g\000i\000s\000t\000r\000y\000I\000t\000e\000m\000\040\000C\000l\000a\000s\000s\000\040\000R\000e\000f\000e\000r\000e\000n\000c\000e}{chapter.4}% 24
\BOOKMARK [2][-]{subsection.4.2.1}{\376\377\0004\000.\0002\000.\0001\000\040\000D\000e\000t\000a\000i\000l\000e\000d\000\040\000D\000e\000s\000c\000r\000i\000p\000t\000i\000o\000n}{section.4.2}% 25
\BOOKMARK [2][-]{subsection.4.2.2}{\376\377\0004\000.\0002\000.\0002\000\040\000C\000o\000n\000s\000t\000r\000u\000c\000t\000o\000r\000\040\000\046\000\040\000D\000e\000s\000t\000r\000u\000c\000t\000o\000r\000\040\000D\000o\000c\000u\000m\000e\000n\000t\000a\000t\000i\000o\000n}{section.4.2}% 26
\BOOKMARK [3][-]{subsubsection.4.2.2.1}{\376\377\0004\000.\0002\000.\0002\000.\0001\000\040\000R\000e\000g\000i\000s\000t\000r\000y\000I\000t\000e\000m\000\050\000\051}{subsection.4.2.2}% 27
\BOOKMARK [2][-]{subsection.4.2.3}{\376\377\0004\000.\0002\000.\0003\000\040\000M\000e\000m\000b\000e\000r\000\040\000D\000a\000t\000a\000\040\000D\000o\000c\000u\000m\000e\000n\000t\000a\000t\000i\000o\000n}{section.4.2}% 28
\BOOKMARK [3][-]{subsubsection.4.2.3.1}{\376\377\0004\000.\0002\000.\0003\000.\0001\000\040\000n\000a\000m\000e}{subsection.4.2.3}% 29
\BOOKMARK [3][-]{subsubsection.4.2.3.2}{\376\377\0004\000.\0002\000.\0003\000.\0002\000\040\000p\000o\000p\000u\000l\000a\000t\000e\000B\000a\000r}{subsection.4.2.3}% 30
\BOOKMARK [3][-]{subsubsection.4.2.3.3}{\376\377\0004\000.\0002\000.\0003\000.\0003\000\040\000w\000i\000d\000g\000e\000t}{subsection.4.2.3}% 31
\BOOKMARK [1][-]{section.4.3}{\376\377\0004\000.\0003\000\040\000S\000w\000i\000t\000c\000h\000i\000n\000g\000B\000a\000r\000\040\000C\000l\000a\000s\000s\000\040\000R\000e\000f\000e\000r\000e\000n\000c\000e}{chapter.4}% 32
\BOOKMARK [2][-]{subsection.4.3.1}{\376\377\0004\000.\0003\000.\0001\000\040\000D\000e\000t\000a\000i\000l\000e\000d\000\040\000D\000e\000s\000c\000r\000i\000p\000t\000i\000o\000n}{section.4.3}% 33
\BOOKMARK [2][-]{subsection.4.3.2}{\376\377\0004\000.\0003\000.\0002\000\040\000M\000e\000m\000b\000e\000r\000\040\000F\000u\000n\000c\000t\000i\000o\000n\000\040\000D\000o\000c\000u\000m\000e\000n\000t\000a\000t\000i\000o\000n}{section.4.3}% 34
\BOOKMARK [3][-]{subsubsection.4.3.2.1}{\376\377\0004\000.\0003\000.\0002\000.\0001\000\040\000a\000d\000d\000M\000e\000n\000u\000\050\000\051}{subsection.4.3.2}% 35
\BOOKMARK [3][-]{subsubsection.4.3.2.2}{\376\377\0004\000.\0003\000.\0002\000.\0002\000\040\000a\000d\000d\000W\000i\000d\000g\000e\000t\000\050\000\051}{subsection.4.3.2}% 36
\BOOKMARK [1][-]{section.4.4}{\376\377\0004\000.\0004\000\040\000S\000w\000i\000t\000c\000h\000i\000n\000g\000W\000i\000d\000g\000e\000t\000\040\000C\000l\000a\000s\000s\000\040\000R\000e\000f\000e\000r\000e\000n\000c\000e}{chapter.4}% 37
\BOOKMARK [2][-]{subsection.4.4.1}{\376\377\0004\000.\0004\000.\0001\000\040\000D\000e\000t\000a\000i\000l\000e\000d\000\040\000D\000e\000s\000c\000r\000i\000p\000t\000i\000o\000n}{section.4.4}% 38
\BOOKMARK [2][-]{subsection.4.4.2}{\376\377\0004\000.\0004\000.\0002\000\040\000C\000o\000n\000s\000t\000r\000u\000c\000t\000o\000r\000\040\000\046\000\040\000D\000e\000s\000t\000r\000u\000c\000t\000o\000r\000\040\000D\000o\000c\000u\000m\000e\000n\000t\000a\000t\000i\000o\000n}{section.4.4}% 39
\BOOKMARK [3][-]{subsubsection.4.4.2.1}{\376\377\0004\000.\0004\000.\0002\000.\0001\000\040\000S\000w\000i\000t\000c\000h\000i\000n\000g\000W\000i\000d\000g\000e\000t\000\050\000\051}{subsection.4.4.2}% 40
\BOOKMARK [2][-]{subsection.4.4.3}{\376\377\0004\000.\0004\000.\0003\000\040\000M\000e\000m\000b\000e\000r\000\040\000F\000u\000n\000c\000t\000i\000o\000n\000\040\000D\000o\000c\000u\000m\000e\000n\000t\000a\000t\000i\000o\000n}{section.4.4}% 41
\BOOKMARK [3][-]{subsubsection.4.4.3.1}{\376\377\0004\000.\0004\000.\0003\000.\0001\000\040\000s\000e\000t\000C\000u\000r\000r\000e\000n\000t\000W\000i\000d\000g\000e\000t\000\050\000\051}{subsection.4.4.3}% 42
\BOOKMARK [1][-]{section.4.5}{\376\377\0004\000.\0005\000\040\000W\000i\000d\000g\000e\000t\000R\000e\000g\000i\000s\000t\000r\000y\000\040\000C\000l\000a\000s\000s\000\040\000R\000e\000f\000e\000r\000e\000n\000c\000e}{chapter.4}% 43
\BOOKMARK [2][-]{subsection.4.5.1}{\376\377\0004\000.\0005\000.\0001\000\040\000D\000e\000t\000a\000i\000l\000e\000d\000\040\000D\000e\000s\000c\000r\000i\000p\000t\000i\000o\000n}{section.4.5}% 44
\BOOKMARK [2][-]{subsection.4.5.2}{\376\377\0004\000.\0005\000.\0002\000\040\000M\000e\000m\000b\000e\000r\000\040\000F\000u\000n\000c\000t\000i\000o\000n\000\040\000D\000o\000c\000u\000m\000e\000n\000t\000a\000t\000i\000o\000n}{section.4.5}% 45
\BOOKMARK [3][-]{subsubsection.4.5.2.1}{\376\377\0004\000.\0005\000.\0002\000.\0001\000\040\000a\000d\000d\000I\000t\000e\000m\000\050\000\051\000\040\000[\0001\000/\0002\000]}{subsection.4.5.2}% 46
\BOOKMARK [3][-]{subsubsection.4.5.2.2}{\376\377\0004\000.\0005\000.\0002\000.\0002\000\040\000a\000d\000d\000I\000t\000e\000m\000\050\000\051\000\040\000[\0002\000/\0002\000]}{subsection.4.5.2}% 47
\BOOKMARK [3][-]{subsubsection.4.5.2.3}{\376\377\0004\000.\0005\000.\0002\000.\0003\000\040\000g\000e\000t\000D\000e\000f\000a\000u\000l\000t\000\050\000\051}{subsection.4.5.2}% 48
\BOOKMARK [3][-]{subsubsection.4.5.2.4}{\376\377\0004\000.\0005\000.\0002\000.\0004\000\040\000g\000e\000t\000R\000e\000g\000i\000s\000t\000r\000y\000\050\000\051}{subsection.4.5.2}% 49
\BOOKMARK [3][-]{subsubsection.4.5.2.5}{\376\377\0004\000.\0005\000.\0002\000.\0005\000\040\000i\000n\000d\000e\000x\000O\000f\000\050\000\051}{subsection.4.5.2}% 50
\BOOKMARK [3][-]{subsubsection.4.5.2.6}{\376\377\0004\000.\0005\000.\0002\000.\0006\000\040\000i\000n\000s\000e\000r\000t\000I\000t\000e\000m\000\050\000\051\000\040\000[\0001\000/\0002\000]}{subsection.4.5.2}% 51
\BOOKMARK [3][-]{subsubsection.4.5.2.7}{\376\377\0004\000.\0005\000.\0002\000.\0007\000\040\000i\000n\000s\000e\000r\000t\000I\000t\000e\000m\000\050\000\051\000\040\000[\0002\000/\0002\000]}{subsection.4.5.2}% 52
\BOOKMARK [3][-]{subsubsection.4.5.2.8}{\376\377\0004\000.\0005\000.\0002\000.\0008\000\040\000i\000t\000e\000m\000\050\000\051}{subsection.4.5.2}% 53
\BOOKMARK [3][-]{subsubsection.4.5.2.9}{\376\377\0004\000.\0005\000.\0002\000.\0009\000\040\000r\000e\000g\000i\000s\000t\000r\000y\000C\000h\000a\000n\000g\000e\000d}{subsection.4.5.2}% 54
\BOOKMARK [3][-]{subsubsection.4.5.2.10}{\376\377\0004\000.\0005\000.\0002\000.\0001\0000\000\040\000r\000e\000m\000o\000v\000e\000I\000t\000e\000m\000\050\000\051\000\040\000[\0001\000/\0002\000]}{subsection.4.5.2}% 55
\BOOKMARK [3][-]{subsubsection.4.5.2.11}{\376\377\0004\000.\0005\000.\0002\000.\0001\0001\000\040\000r\000e\000m\000o\000v\000e\000I\000t\000e\000m\000\050\000\051\000\040\000[\0002\000/\0002\000]}{subsection.4.5.2}% 56
\BOOKMARK [3][-]{subsubsection.4.5.2.12}{\376\377\0004\000.\0005\000.\0002\000.\0001\0002\000\040\000s\000e\000t\000D\000e\000f\000a\000u\000l\000t\000\050\000\051\000\040\000[\0001\000/\0002\000]}{subsection.4.5.2}% 57
\BOOKMARK [3][-]{subsubsection.4.5.2.13}{\376\377\0004\000.\0005\000.\0002\000.\0001\0003\000\040\000s\000e\000t\000D\000e\000f\000a\000u\000l\000t\000\050\000\051\000\040\000[\0002\000/\0002\000]}{subsection.4.5.2}% 58
\BOOKMARK [3][-]{subsubsection.4.5.2.14}{\376\377\0004\000.\0005\000.\0002\000.\0001\0004\000\040\000s\000i\000z\000e\000\050\000\051}{subsection.4.5.2}% 59
\BOOKMARK [0][-]{section*.25}{\376\377\000I\000n\000d\000e\000x}{}% 60
